Start testing: Mar 25 17:59 West-Europa (standaardtijd)
----------------------------------------------------------
1/1 Testing: ExampleTests
1/1 Test: ExampleTests
Command: "C:/Projects/CollisionDetector/build/Test/Debug/ExampleTests.exe"
Directory: C:/Projects/CollisionDetector/build/Test
"ExampleTests" start time: Mar 25 17:59 West-Europa (standaardtijd)
Output:
----------------------------------------------------------
Running main() from C:\Projects\CollisionDetector\googletest\googletest\src\gtest_main.cc
[==========] Running 2 tests from 1 test suite.
[----------] Global test environment set-up.
[----------] 2 tests from ExampleTests
[ RUN      ] ExampleTests.MAC
[       OK ] ExampleTests.MAC (0 ms)
[ RUN      ] ExampleTests.Square
[       OK ] ExampleTests.Square (0 ms)
[----------] 2 tests from ExampleTests (0 ms total)

[----------] Global test environment tear-down
[==========] 2 tests from 1 test suite ran. (0 ms total)
[  PASSED  ] 2 tests.
<end of output>
Test time =   0.02 sec
----------------------------------------------------------
Test Passed.
"ExampleTests" end time: Mar 25 17:59 West-Europa (standaardtijd)
"ExampleTests" time elapsed: 00:00:00
----------------------------------------------------------

End testing: Mar 25 17:59 West-Europa (standaardtijd)
